<?xml version="1.0" encoding="UTF-8"?>
<!-- Generated by org.testng.reporters.JUnitReportReporter -->
<testsuite hostname="1d2b5e7f39ab" name="com.testcases.TestCases1" tests="1" failures="0" timestamp="27 Nov 2021 03:06:25 GMT" time="2.966" errors="0">
  <testcase name="tc001" time="2.966" classname="com.testcases.TestCases1"/>
</testsuite> <!-- com.testcases.TestCases1 -->
