<?xml version="1.0" encoding="UTF-8"?>
<!-- Generated by org.testng.reporters.JUnitReportReporter -->
<testsuite hostname="DESKTOP-LC251J7" failures="0" tests="1" name="com.testcases.TestCases1" time="2.939" errors="0" timestamp="8 Dec 2021 02:58:24 GMT">
  <testcase classname="com.testcases.TestCases1" name="tc001" time="2.939"/>
</testsuite> <!-- com.testcases.TestCases1 -->
