<?xml version="1.0" encoding="UTF-8"?>
<!-- Generated by org.testng.reporters.JUnitReportReporter -->
<testsuite hostname="DESKTOP-LC251J7" failures="0" tests="1" name="com.testcases.TestCases" time="5.860" errors="0" timestamp="20 Nov 2021 05:17:59 GMT">
  <testcase classname="com.testcases.TestCases" name="tc001" time="5.860"/>
</testsuite> <!-- com.testcases.TestCases -->
